<?xml version="1.0" encoding="UTF-8"?>
<!-- Generated by org.testng.reporters.JUnitReportReporter -->
<testsuite hostname="chenggangdeMacBook-Air.local" name="com.zhubajie.qa.testcase.TestLogin2" tests="1" failures="0" timestamp="20 Apr 2017 02:03:53 GMT" time="8.230" errors="0">
  <testcase name="testLogin" time="8.230" classname="com.zhubajie.qa.testcase.TestLogin2"/>
</testsuite> <!-- com.zhubajie.qa.testcase.TestLogin2 -->
